nohup: ignoring input
[[1;34mINFO[m] Scanning for projects...
[[1;34mINFO[m] 
[[1;34mINFO[m] [1m------------------------< [0;36mcom.almuneer:portal[0;1m >-------------------------[m
[[1;34mINFO[m] [1mBuilding Al-Muneer Portal 0.1.0[m
[[1;34mINFO[m] [1m--------------------------------[ jar ]---------------------------------[m
[[1;34mINFO[m] 
[[1;34mINFO[m] [1m>>> [0;32mspring-boot-maven-plugin:3.4.4:run[m [1m(default-cli)[0;1m > [0;1mtest-compile[m @ [36mportal[0;1m >>>[m
[[1;34mINFO[m] 
[[1;34mINFO[m] [1m--- [0;32mmaven-resources-plugin:3.3.1:resources[m [1m(default-resources)[m @ [36mportal[0;1m ---[m
[[1;34mINFO[m] Copying 1 resource from src/main/resources to target/classes
[[1;34mINFO[m] Copying 15 resources from src/main/resources to target/classes
[[1;34mINFO[m] 
[[1;34mINFO[m] [1m--- [0;32mmaven-compiler-plugin:3.13.0:compile[m [1m(default-compile)[m @ [36mportal[0;1m ---[m
[[1;34mINFO[m] Nothing to compile - all classes are up to date.
[[1;34mINFO[m] 
[[1;34mINFO[m] [1m--- [0;32mmaven-resources-plugin:3.3.1:testResources[m [1m(default-testResources)[m @ [36mportal[0;1m ---[m
[[1;34mINFO[m] skip non existing resourceDirectory /home/humadi/Github/Al-Muneer Portal/src/test/resources
[[1;34mINFO[m] 
[[1;34mINFO[m] [1m--- [0;32mmaven-compiler-plugin:3.13.0:testCompile[m [1m(default-testCompile)[m @ [36mportal[0;1m ---[m
[[1;34mINFO[m] Nothing to compile - all classes are up to date.
[[1;34mINFO[m] 
[[1;34mINFO[m] [1m<<< [0;32mspring-boot-maven-plugin:3.4.4:run[m [1m(default-cli)[0;1m < [0;1mtest-compile[m @ [36mportal[0;1m <<<[m
[[1;34mINFO[m] 
[[1;34mINFO[m] 
[[1;34mINFO[m] [1m--- [0;32mspring-boot-maven-plugin:3.4.4:run[m [1m(default-cli)[m @ [36mportal[0;1m ---[m
[[1;34mINFO[m] Attaching agents: []

  .   ____          _            __ _ _
 /\\ / ___'_ __ _ _(_)_ __  __ _ \ \ \ \
( ( )\___ | '_ | '_| | '_ \/ _` | \ \ \ \
 \\/  ___)| |_)| | | | | || (_| |  ) ) ) )
  '  |____| .__|_| |_|_| |_\__, | / / / /
 =========|_|==============|___/=/_/_/_/

 :: Spring Boot ::                (v3.4.4)

2026-04-19T21:38:27.001+08:00  INFO 143912 --- [almuneer-portal] [  restartedMain] c.a.portal.AlMuneerPortalApplication     : Starting AlMuneerPortalApplication using Java 21.0.10 with PID 143912 (/home/humadi/Github/Al-Muneer Portal/target/classes started by humadi in /home/humadi/Github/Al-Muneer Portal)
2026-04-19T21:38:27.003+08:00  INFO 143912 --- [almuneer-portal] [  restartedMain] c.a.portal.AlMuneerPortalApplication     : No active profile set, falling back to 1 default profile: "default"
2026-04-19T21:38:27.170+08:00  INFO 143912 --- [almuneer-portal] [  restartedMain] .e.DevToolsPropertyDefaultsPostProcessor : Devtools property defaults active! Set 'spring.devtools.add-properties' to 'false' to disable
2026-04-19T21:38:27.170+08:00  INFO 143912 --- [almuneer-portal] [  restartedMain] .e.DevToolsPropertyDefaultsPostProcessor : For additional web related logging consider setting the 'logging.level.web' property to 'DEBUG'
2026-04-19T21:38:27.630+08:00  INFO 143912 --- [almuneer-portal] [  restartedMain] .s.d.r.c.RepositoryConfigurationDelegate : Bootstrapping Spring Data JPA repositories in DEFAULT mode.
2026-04-19T21:38:27.680+08:00  INFO 143912 --- [almuneer-portal] [  restartedMain] .s.d.r.c.RepositoryConfigurationDelegate : Finished Spring Data repository scanning in 44 ms. Found 8 JPA repository interfaces.
2026-04-19T21:38:28.065+08:00  INFO 143912 --- [almuneer-portal] [  restartedMain] o.s.b.w.embedded.tomcat.TomcatWebServer  : Tomcat initialized with port 8080 (http)
2026-04-19T21:38:28.074+08:00  INFO 143912 --- [almuneer-portal] [  restartedMain] o.apache.catalina.core.StandardService   : Starting service [Tomcat]
2026-04-19T21:38:28.074+08:00  INFO 143912 --- [almuneer-portal] [  restartedMain] o.apache.catalina.core.StandardEngine    : Starting Servlet engine: [Apache Tomcat/10.1.39]
2026-04-19T21:38:28.094+08:00  INFO 143912 --- [almuneer-portal] [  restartedMain] o.a.c.c.C.[Tomcat].[localhost].[/]       : Initializing Spring embedded WebApplicationContext
2026-04-19T21:38:28.095+08:00  INFO 143912 --- [almuneer-portal] [  restartedMain] w.s.c.ServletWebServerApplicationContext : Root WebApplicationContext: initialization completed in 924 ms
2026-04-19T21:38:28.204+08:00  INFO 143912 --- [almuneer-portal] [  restartedMain] o.hibernate.jpa.internal.util.LogHelper  : HHH000204: Processing PersistenceUnitInfo [name: default]
2026-04-19T21:38:28.235+08:00  INFO 143912 --- [almuneer-portal] [  restartedMain] org.hibernate.Version                    : HHH000412: Hibernate ORM core version 6.6.11.Final
2026-04-19T21:38:28.257+08:00  INFO 143912 --- [almuneer-portal] [  restartedMain] o.h.c.internal.RegionFactoryInitiator    : HHH000026: Second-level cache disabled
2026-04-19T21:38:28.431+08:00  INFO 143912 --- [almuneer-portal] [  restartedMain] o.s.o.j.p.SpringPersistenceUnitInfo      : No LoadTimeWeaver setup: ignoring JPA class transformer
2026-04-19T21:38:28.450+08:00  INFO 143912 --- [almuneer-portal] [  restartedMain] com.zaxxer.hikari.HikariDataSource       : HikariPool-1 - Starting...
2026-04-19T21:38:28.681+08:00  INFO 143912 --- [almuneer-portal] [  restartedMain] com.zaxxer.hikari.pool.HikariPool        : HikariPool-1 - Added connection org.postgresql.jdbc.PgConnection@79d40208
2026-04-19T21:38:28.682+08:00  INFO 143912 --- [almuneer-portal] [  restartedMain] com.zaxxer.hikari.HikariDataSource       : HikariPool-1 - Start completed.
2026-04-19T21:38:28.700+08:00  WARN 143912 --- [almuneer-portal] [  restartedMain] org.hibernate.orm.deprecation            : HHH90000025: PostgreSQLDialect does not need to be specified explicitly using 'hibernate.dialect' (remove the property setting and it will be selected by default)
2026-04-19T21:38:28.712+08:00  INFO 143912 --- [almuneer-portal] [  restartedMain] org.hibernate.orm.connections.pooling    : HHH10001005: Database info:
	Database JDBC URL [Connecting through datasource 'HikariDataSource (HikariPool-1)']
	Database driver: undefined/unknown
	Database version: 16.13
	Autocommit mode: undefined/unknown
	Isolation level: undefined/unknown
	Minimum pool size: undefined/unknown
	Maximum pool size: undefined/unknown
2026-04-19T21:38:29.410+08:00  INFO 143912 --- [almuneer-portal] [  restartedMain] o.h.e.t.j.p.i.JtaPlatformInitiator       : HHH000489: No JTA platform available (set 'hibernate.transaction.jta.platform' to enable JTA platform integration)
2026-04-19T21:38:29.601+08:00  INFO 143912 --- [almuneer-portal] [  restartedMain] j.LocalContainerEntityManagerFactoryBean : Initialized JPA EntityManagerFactory for persistence unit 'default'
2026-04-19T21:38:29.865+08:00  INFO 143912 --- [almuneer-portal] [  restartedMain] eAuthenticationProviderManagerConfigurer : Global AuthenticationManager configured with AuthenticationProvider bean with name authenticationProvider
2026-04-19T21:38:29.865+08:00  WARN 143912 --- [almuneer-portal] [  restartedMain] r$InitializeUserDetailsManagerConfigurer : Global AuthenticationManager configured with an AuthenticationProvider bean. UserDetailsService beans will not be used by Spring Security for automatically configuring username/password login. Consider removing the AuthenticationProvider bean. Alternatively, consider using the UserDetailsService in a manually instantiated DaoAuthenticationProvider. If the current configuration is intentional, to turn off this warning, increase the logging level of 'org.springframework.security.config.annotation.authentication.configuration.InitializeUserDetailsBeanManagerConfigurer' to ERROR
2026-04-19T21:38:29.887+08:00  WARN 143912 --- [almuneer-portal] [  restartedMain] JpaBaseConfiguration$JpaWebConfiguration : spring.jpa.open-in-view is enabled by default. Therefore, database queries may be performed during view rendering. Explicitly configure spring.jpa.open-in-view to disable this warning
2026-04-19T21:38:30.286+08:00  INFO 143912 --- [almuneer-portal] [  restartedMain] o.s.b.d.a.OptionalLiveReloadServer       : LiveReload server is running on port 35729
2026-04-19T21:38:30.306+08:00  INFO 143912 --- [almuneer-portal] [  restartedMain] o.s.b.w.embedded.tomcat.TomcatWebServer  : Tomcat started on port 8080 (http) with context path '/'
2026-04-19T21:38:30.312+08:00  INFO 143912 --- [almuneer-portal] [  restartedMain] c.a.portal.AlMuneerPortalApplication     : Started AlMuneerPortalApplication in 3.577 seconds (process running for 3.832)
2026-04-19T21:39:23.102+08:00  INFO 143912 --- [almuneer-portal] [nio-8080-exec-1] o.a.c.c.C.[Tomcat].[localhost].[/]       : Initializing Spring DispatcherServlet 'dispatcherServlet'
2026-04-19T21:39:23.102+08:00  INFO 143912 --- [almuneer-portal] [nio-8080-exec-1] o.s.web.servlet.DispatcherServlet        : Initializing Servlet 'dispatcherServlet'
2026-04-19T21:39:23.103+08:00  INFO 143912 --- [almuneer-portal] [nio-8080-exec-1] o.s.web.servlet.DispatcherServlet        : Completed initialization in 1 ms
